<?xml version="1.0" encoding="UTF-8"?>
<testsuite xmlns:xsi="http://www.w3.org/2001/XMLSchema-instance" xsi:noNamespaceSchemaLocation="https://maven.apache.org/surefire/maven-surefire-plugin/xsd/surefire-test-report.xsd" version="3.0.2" name="com.example.azurepipelineenhancement.AzurePipelineEnhancementApplicationTests" time="2.8" tests="1" errors="0" skipped="0" failures="0">
  <properties>
[...]
</properties>
  <testcase name="contextLoads" classname="com.example.azurepipelineenhancement.AzurePipelineEnhancementApplicationTests" time="0.524">
    <system-out><![CDATA[16:41:22.760 [main] INFO org.springframework.test.context.support.AnnotationConfigContextLoaderUtils -- Could not detect default configuration classes for test class [com.example.azurepipelineenhancement.AzurePipelineEnhancementApplicationTests]: AzurePipelineEnhancementApplicationTests does not declare any static, non-private, non-final, nested classes annotated with @Configuration.
16:41:22.956 [main] INFO org.springframework.boot.test.context.SpringBootTestContextBootstrapper -- Found @SpringBootConfiguration com.example.azurepipelineenhancement.AzurePipelineEnhancementApplication for test class com.example.azurepipelineenhancement.AzurePipelineEnhancementApplicationTests

  .   ____          _            __ _ _
 /\\ / ___'_ __ _ _(_)_ __  __ _ \ \ \ \
( ( )\___ | '_ | '_| | '_ \/ _` | \ \ \ \
 \\/  ___)| |_)| | | | | || (_| |  ) ) ) )
  '  |____| .__|_| |_|_| |_\__, | / / / /
 =========|_|==============|___/=/_/_/_/

 :: Spring Boot ::                (v4.0.0)

2026-06-30T16:41:23.354Z  INFO 7144 --- [azure-pipeline-enhancement] [           main] AzurePipelineEnhancementApplicationTests : Starting AzurePipelineEnhancementApplicationTests using Java 25.0.3 with PID 7144 (started by runner in /home/runner/work/azure-pipeline-enhancement/azure-pipeline-enhancement)
2026-06-30T16:41:23.356Z  INFO 7144 --- [azure-pipeline-enhancement] [           main] AzurePipelineEnhancementApplicationTests : No active profile set, falling back to 1 default profile: "default"
2026-06-30T16:41:24.739Z  INFO 7144 --- [azure-pipeline-enhancement] [           main] AzurePipelineEnhancementApplicationTests : Started AzurePipelineEnhancementApplicationTests in 1.626 seconds (process running for 3.216)
]]></system-out>
    <system-err><![CDATA[Mockito is currently self-attaching to enable the inline-mock-maker. This will no longer work in future releases of the JDK. Please add Mockito as an agent to your build as described in Mockito's documentation: https://javadoc.io/doc/org.mockito/mockito-core/latest/org.mockito/org/mockito/Mockito.html#0.3
WARNING: A Java agent has been loaded dynamically (/home/runner/.m2/repository/net/bytebuddy/byte-buddy-agent/1.17.8/byte-buddy-agent-1.17.8.jar)
WARNING: If a serviceability tool is in use, please run with -XX:+EnableDynamicAgentLoading to hide this warning
WARNING: If a serviceability tool is not in use, please run with -Djdk.instrument.traceUsage for more information
WARNING: Dynamic loading of agents will be disallowed by default in a future release
]]></system-err>
  </testcase>
</testsuite>